2019-06-14 21:31:16.193748: I tensorflow/core/platform/cpu_feature_guard.cc:141] Your CPU supports instructions that this TensorFlow binary was not compiled to use: SSE4.1 SSE4.2 AVX AVX2 AVX512F FMA
2019-06-14 21:31:16.402606: I tensorflow/core/common_runtime/gpu/gpu_device.cc:1405] Found device 0 with properties: 
name: GeForce GTX 1080 Ti major: 6 minor: 1 memoryClockRate(GHz): 1.6705
pciBusID: 0000:65:00.0
totalMemory: 10.91GiB freeMemory: 10.72GiB
2019-06-14 21:31:16.548843: I tensorflow/core/common_runtime/gpu/gpu_device.cc:1405] Found device 1 with properties: 
name: GeForce GTX 1080 Ti major: 6 minor: 1 memoryClockRate(GHz): 1.6705
pciBusID: 0000:b3:00.0
totalMemory: 10.92GiB freeMemory: 8.73GiB
2019-06-14 21:31:16.549718: I tensorflow/core/common_runtime/gpu/gpu_device.cc:1484] Adding visible gpu devices: 0, 1
2019-06-14 21:31:17.075917: I tensorflow/core/common_runtime/gpu/gpu_device.cc:965] Device interconnect StreamExecutor with strength 1 edge matrix:
2019-06-14 21:31:17.075959: I tensorflow/core/common_runtime/gpu/gpu_device.cc:971]      0 1 
2019-06-14 21:31:17.075964: I tensorflow/core/common_runtime/gpu/gpu_device.cc:984] 0:   N Y 
2019-06-14 21:31:17.075968: I tensorflow/core/common_runtime/gpu/gpu_device.cc:984] 1:   Y N 
2019-06-14 21:31:17.076221: I tensorflow/core/common_runtime/gpu/gpu_device.cc:1097] Created TensorFlow device (/job:localhost/replica:0/task:0/device:GPU:0 with 10364 MB memory) -> physical GPU (device: 0, name: GeForce GTX 1080 Ti, pci bus id: 0000:65:00.0, compute capability: 6.1)
2019-06-14 21:31:17.183100: I tensorflow/core/common_runtime/gpu/gpu_device.cc:1097] Created TensorFlow device (/job:localhost/replica:0/task:0/device:GPU:1 with 8428 MB memory) -> physical GPU (device: 1, name: GeForce GTX 1080 Ti, pci bus id: 0000:b3:00.0, compute capability: 6.1)
Model loaded.
Found 5488 images belonging to 2 classes.
Found 670 images belonging to 2 classes.
Epoch 1/500
 - 96s - loss: 0.3504 - acc: 0.8626 - val_loss: 0.2507 - val_acc: 0.9060
Epoch 2/500
 - 106s - loss: 0.2003 - acc: 0.9313 - val_loss: 0.1711 - val_acc: 0.9389
Epoch 3/500
 - 110s - loss: 0.1557 - acc: 0.9475 - val_loss: 0.1509 - val_acc: 0.9428
Epoch 4/500
 - 112s - loss: 0.1336 - acc: 0.9579 - val_loss: 0.1278 - val_acc: 0.9616
Epoch 5/500
 - 113s - loss: 0.1114 - acc: 0.9647 - val_loss: 0.1553 - val_acc: 0.9534
Epoch 6/500
 - 114s - loss: 0.1131 - acc: 0.9628 - val_loss: 0.1492 - val_acc: 0.9507
Epoch 7/500
 - 112s - loss: 0.0944 - acc: 0.9707 - val_loss: 0.1072 - val_acc: 0.9612
Epoch 8/500
 - 113s - loss: 0.0847 - acc: 0.9723 - val_loss: 0.1207 - val_acc: 0.9578
Epoch 9/500
 - 113s - loss: 0.0803 - acc: 0.9747 - val_loss: 0.1049 - val_acc: 0.9657
Epoch 10/500
 - 112s - loss: 0.0746 - acc: 0.9787 - val_loss: 0.0974 - val_acc: 0.9673
Epoch 11/500
 - 113s - loss: 0.0669 - acc: 0.9800 - val_loss: 0.1174 - val_acc: 0.9615
Epoch 12/500
 - 114s - loss: 0.0670 - acc: 0.9781 - val_loss: 0.1039 - val_acc: 0.9671
Epoch 13/500
 - 113s - loss: 0.0659 - acc: 0.9787 - val_loss: 0.1008 - val_acc: 0.9689
Epoch 14/500
 - 112s - loss: 0.0585 - acc: 0.9823 - val_loss: 0.1017 - val_acc: 0.9666
Epoch 15/500
 - 115s - loss: 0.0582 - acc: 0.9827 - val_loss: 0.1079 - val_acc: 0.9673
Epoch 16/500
 - 115s - loss: 0.0531 - acc: 0.9840 - val_loss: 0.1131 - val_acc: 0.9655
Epoch 17/500
 - 114s - loss: 0.0537 - acc: 0.9831 - val_loss: 0.0991 - val_acc: 0.9644
Epoch 18/500
 - 114s - loss: 0.0494 - acc: 0.9827 - val_loss: 0.1294 - val_acc: 0.9644
Epoch 19/500
 - 115s - loss: 0.0437 - acc: 0.9891 - val_loss: 0.1087 - val_acc: 0.9701
Epoch 20/500
 - 115s - loss: 0.0374 - acc: 0.9880 - val_loss: 0.1139 - val_acc: 0.9624
Epoch 21/500
 - 112s - loss: 0.0354 - acc: 0.9905 - val_loss: 0.1070 - val_acc: 0.9687
Epoch 22/500
 - 113s - loss: 0.0404 - acc: 0.9880 - val_loss: 0.0891 - val_acc: 0.9731
Epoch 23/500
 - 114s - loss: 0.0355 - acc: 0.9891 - val_loss: 0.1245 - val_acc: 0.9702
Epoch 24/500
 - 115s - loss: 0.0390 - acc: 0.9896 - val_loss: 0.0843 - val_acc: 0.9735
Epoch 25/500
 - 116s - loss: 0.0301 - acc: 0.9916 - val_loss: 0.0988 - val_acc: 0.9712
Epoch 26/500
 - 116s - loss: 0.0304 - acc: 0.9929 - val_loss: 0.0939 - val_acc: 0.9746
Epoch 27/500
 - 116s - loss: 0.0297 - acc: 0.9920 - val_loss: 0.0916 - val_acc: 0.9731
Epoch 28/500
 - 115s - loss: 0.0261 - acc: 0.9942 - val_loss: 0.1000 - val_acc: 0.9776
Epoch 29/500
 - 116s - loss: 0.0240 - acc: 0.9936 - val_loss: 0.1100 - val_acc: 0.9644
Epoch 30/500
 - 115s - loss: 0.0225 - acc: 0.9942 - val_loss: 0.0989 - val_acc: 0.9704
Epoch 31/500
 - 116s - loss: 0.0199 - acc: 0.9945 - val_loss: 0.1172 - val_acc: 0.9715
Epoch 32/500
 - 115s - loss: 0.0238 - acc: 0.9945 - val_loss: 0.1065 - val_acc: 0.9731
Epoch 33/500
 - 114s - loss: 0.0213 - acc: 0.9940 - val_loss: 0.1080 - val_acc: 0.9746
Epoch 34/500
 - 115s - loss: 0.0242 - acc: 0.9934 - val_loss: 0.1164 - val_acc: 0.9673
Epoch 35/500
 - 113s - loss: 0.0178 - acc: 0.9958 - val_loss: 0.0901 - val_acc: 0.9761
Epoch 36/500
 - 114s - loss: 0.0181 - acc: 0.9947 - val_loss: 0.1013 - val_acc: 0.9696
Epoch 37/500
 - 114s - loss: 0.0129 - acc: 0.9967 - val_loss: 0.1130 - val_acc: 0.9673
Epoch 38/500
 - 114s - loss: 0.0139 - acc: 0.9969 - val_loss: 0.0931 - val_acc: 0.9746
Epoch 39/500
 - 114s - loss: 0.0136 - acc: 0.9965 - val_loss: 0.1045 - val_acc: 0.9759
Epoch 40/500
 - 113s - loss: 0.0211 - acc: 0.9934 - val_loss: 0.1094 - val_acc: 0.9732
Epoch 41/500
 - 113s - loss: 0.0091 - acc: 0.9982 - val_loss: 0.1084 - val_acc: 0.9718
Epoch 42/500
 - 114s - loss: 0.0148 - acc: 0.9944 - val_loss: 0.1120 - val_acc: 0.9775
Epoch 43/500
 - 113s - loss: 0.0137 - acc: 0.9954 - val_loss: 0.0986 - val_acc: 0.9790
Epoch 44/500
 - 114s - loss: 0.0090 - acc: 0.9974 - val_loss: 0.1057 - val_acc: 0.9791
Epoch 45/500
 - 112s - loss: 0.0166 - acc: 0.9951 - val_loss: 0.1064 - val_acc: 0.9732
Epoch 46/500
 - 113s - loss: 0.0108 - acc: 0.9974 - val_loss: 0.1216 - val_acc: 0.9714
Epoch 47/500
 - 113s - loss: 0.0101 - acc: 0.9969 - val_loss: 0.1184 - val_acc: 0.9746
Epoch 48/500
 - 113s - loss: 0.0082 - acc: 0.9980 - val_loss: 0.0998 - val_acc: 0.9778
Epoch 49/500
 - 113s - loss: 0.0096 - acc: 0.9982 - val_loss: 0.0916 - val_acc: 0.9782
Epoch 50/500
 - 112s - loss: 0.0043 - acc: 0.9989 - val_loss: 0.1119 - val_acc: 0.9754
Epoch 51/500
 - 113s - loss: 0.0082 - acc: 0.9973 - val_loss: 0.1170 - val_acc: 0.9722
Epoch 52/500
 - 112s - loss: 0.0065 - acc: 0.9985 - val_loss: 0.1326 - val_acc: 0.9712
Epoch 53/500
 - 112s - loss: 0.0152 - acc: 0.9958 - val_loss: 0.1041 - val_acc: 0.9789
Epoch 54/500
 - 112s - loss: 0.0068 - acc: 0.9982 - val_loss: 0.1156 - val_acc: 0.9712
Epoch 55/500
 - 113s - loss: 0.0055 - acc: 0.9982 - val_loss: 0.1096 - val_acc: 0.9764
Epoch 56/500
 - 112s - loss: 0.0055 - acc: 0.9987 - val_loss: 0.1122 - val_acc: 0.9760
Epoch 57/500
 - 113s - loss: 0.0039 - acc: 0.9991 - val_loss: 0.1232 - val_acc: 0.9760
Epoch 58/500
 - 111s - loss: 0.0034 - acc: 0.9991 - val_loss: 0.1196 - val_acc: 0.9776
Epoch 59/500
 - 111s - loss: 0.0027 - acc: 0.9993 - val_loss: 0.1249 - val_acc: 0.9773
Epoch 60/500
 - 113s - loss: 0.0043 - acc: 0.9989 - val_loss: 0.1137 - val_acc: 0.9780
Epoch 61/500
 - 112s - loss: 0.0030 - acc: 0.9991 - val_loss: 0.1232 - val_acc: 0.9775
Epoch 62/500
 - 112s - loss: 0.0040 - acc: 0.9985 - val_loss: 0.1099 - val_acc: 0.9776
Epoch 63/500
 - 113s - loss: 0.0024 - acc: 0.9996 - val_loss: 0.1378 - val_acc: 0.9760
Epoch 64/500
 - 112s - loss: 0.0032 - acc: 0.9993 - val_loss: 0.1082 - val_acc: 0.9776
Epoch 65/500
 - 111s - loss: 0.0203 - acc: 0.9929 - val_loss: 0.1088 - val_acc: 0.9794
Epoch 66/500
 - 113s - loss: 0.0077 - acc: 0.9974 - val_loss: 0.1131 - val_acc: 0.9790
Epoch 67/500
 - 112s - loss: 0.0024 - acc: 0.9996 - val_loss: 0.1158 - val_acc: 0.9793
Epoch 68/500
 - 111s - loss: 0.0034 - acc: 0.9991 - val_loss: 0.1186 - val_acc: 0.9760
Epoch 69/500
 - 112s - loss: 0.0015 - acc: 0.9998 - val_loss: 0.1253 - val_acc: 0.9778
Epoch 70/500
 - 112s - loss: 8.9984e-04 - acc: 1.0000 - val_loss: 0.1244 - val_acc: 0.9801
Epoch 71/500
 - 112s - loss: 0.0024 - acc: 0.9993 - val_loss: 0.1228 - val_acc: 0.9749
Epoch 72/500
 - 112s - loss: 0.0022 - acc: 0.9989 - val_loss: 0.1367 - val_acc: 0.9747
Epoch 73/500
 - 110s - loss: 8.8746e-04 - acc: 1.0000 - val_loss: 0.1259 - val_acc: 0.9775
Epoch 74/500
 - 109s - loss: 7.4725e-04 - acc: 1.0000 - val_loss: 0.1320 - val_acc: 0.9775
Epoch 75/500
 - 109s - loss: 4.8154e-04 - acc: 1.0000 - val_loss: 0.1328 - val_acc: 0.9779
Epoch 76/500
 - 109s - loss: 6.2994e-04 - acc: 1.0000 - val_loss: 0.1400 - val_acc: 0.9754
Epoch 77/500
 - 109s - loss: 6.7236e-04 - acc: 1.0000 - val_loss: 0.1366 - val_acc: 0.9766
Epoch 78/500
 - 108s - loss: 8.9443e-04 - acc: 0.9998 - val_loss: 0.1305 - val_acc: 0.9777
Epoch 79/500
 - 107s - loss: 8.4461e-04 - acc: 0.9998 - val_loss: 0.1390 - val_acc: 0.9759
Epoch 80/500
 - 109s - loss: 0.0012 - acc: 0.9998 - val_loss: 0.1466 - val_acc: 0.9791
Epoch 81/500
 - 107s - loss: 5.4445e-04 - acc: 1.0000 - val_loss: 0.1428 - val_acc: 0.9777
Epoch 82/500
 - 109s - loss: 3.2236e-04 - acc: 1.0000 - val_loss: 0.1451 - val_acc: 0.9760
Epoch 83/500
 - 109s - loss: 3.2507e-04 - acc: 1.0000 - val_loss: 0.1428 - val_acc: 0.9775
Epoch 84/500
 - 108s - loss: 4.5704e-04 - acc: 1.0000 - val_loss: 0.1412 - val_acc: 0.9762
Epoch 85/500
 - 108s - loss: 4.1796e-04 - acc: 1.0000 - val_loss: 0.1482 - val_acc: 0.9777
Epoch 86/500
 - 109s - loss: 2.2444e-04 - acc: 1.0000 - val_loss: 0.1489 - val_acc: 0.9775
Epoch 87/500
 - 108s - loss: 3.5661e-04 - acc: 1.0000 - val_loss: 0.1458 - val_acc: 0.9791
Epoch 88/500
 - 108s - loss: 1.4857e-04 - acc: 1.0000 - val_loss: 0.1510 - val_acc: 0.9789
Epoch 89/500
 - 107s - loss: 2.7351e-04 - acc: 1.0000 - val_loss: 0.1563 - val_acc: 0.9775
Epoch 90/500
 - 108s - loss: 2.2991e-04 - acc: 1.0000 - val_loss: 0.1610 - val_acc: 0.9747
Epoch 91/500
 - 106s - loss: 1.6812e-04 - acc: 1.0000 - val_loss: 0.1584 - val_acc: 0.9761
Epoch 92/500
 - 107s - loss: 2.1822e-04 - acc: 1.0000 - val_loss: 0.1583 - val_acc: 0.9760
Epoch 93/500
 - 106s - loss: 3.3193e-04 - acc: 1.0000 - val_loss: 0.1535 - val_acc: 0.9791
Epoch 94/500
 - 106s - loss: 1.5262e-04 - acc: 1.0000 - val_loss: 0.1570 - val_acc: 0.9790
Epoch 95/500
 - 108s - loss: 1.4029e-04 - acc: 1.0000 - val_loss: 0.1595 - val_acc: 0.9791
Epoch 96/500
 - 106s - loss: 4.1224e-04 - acc: 1.0000 - val_loss: 0.1641 - val_acc: 0.9743
Epoch 97/500
 - 107s - loss: 2.7321e-04 - acc: 1.0000 - val_loss: 0.1556 - val_acc: 0.9777
Epoch 98/500
 - 108s - loss: 1.2144e-04 - acc: 1.0000 - val_loss: 0.1613 - val_acc: 0.9776
Epoch 99/500
 - 107s - loss: 1.0214e-04 - acc: 1.0000 - val_loss: 0.1596 - val_acc: 0.9778
Epoch 100/500
 - 106s - loss: 1.3947e-04 - acc: 1.0000 - val_loss: 0.1609 - val_acc: 0.9776
Epoch 101/500
 - 107s - loss: 2.7897e-04 - acc: 1.0000 - val_loss: 0.1566 - val_acc: 0.9789
Epoch 102/500
 - 107s - loss: 1.1539e-04 - acc: 1.0000 - val_loss: 0.1635 - val_acc: 0.9792
Epoch 103/500
 - 106s - loss: 1.5841e-04 - acc: 1.0000 - val_loss: 0.1701 - val_acc: 0.9759
Epoch 104/500
 - 106s - loss: 2.0673e-04 - acc: 1.0000 - val_loss: 0.1564 - val_acc: 0.9793
Epoch 105/500
 - 106s - loss: 1.4503e-04 - acc: 1.0000 - val_loss: 0.1633 - val_acc: 0.9791
Epoch 106/500
 - 105s - loss: 1.9974e-04 - acc: 1.0000 - val_loss: 0.1574 - val_acc: 0.9805
Epoch 107/500
 - 106s - loss: 1.8576e-04 - acc: 1.0000 - val_loss: 0.1674 - val_acc: 0.9792
Epoch 108/500
 - 106s - loss: 1.3057e-04 - acc: 1.0000 - val_loss: 0.1664 - val_acc: 0.9789
Epoch 109/500
 - 107s - loss: 1.2767e-04 - acc: 1.0000 - val_loss: 0.1643 - val_acc: 0.9791
Epoch 110/500
 - 106s - loss: 9.6506e-05 - acc: 1.0000 - val_loss: 0.1692 - val_acc: 0.9790
Epoch 111/500
 - 106s - loss: 1.0415e-04 - acc: 1.0000 - val_loss: 0.1653 - val_acc: 0.9781
Epoch 112/500
 - 107s - loss: 1.2176e-04 - acc: 1.0000 - val_loss: 0.1799 - val_acc: 0.9757
Epoch 113/500
 - 107s - loss: 9.1061e-05 - acc: 1.0000 - val_loss: 0.1694 - val_acc: 0.9792
Epoch 114/500
 - 106s - loss: 8.3307e-05 - acc: 1.0000 - val_loss: 0.1696 - val_acc: 0.9777
Epoch 115/500
 - 107s - loss: 7.4957e-05 - acc: 1.0000 - val_loss: 0.1698 - val_acc: 0.9777
Epoch 116/500
 - 106s - loss: 1.2776e-04 - acc: 1.0000 - val_loss: 0.1686 - val_acc: 0.9791
Epoch 117/500
 - 108s - loss: 1.1360e-04 - acc: 1.0000 - val_loss: 0.1829 - val_acc: 0.9745
Epoch 118/500
 - 107s - loss: 1.0683e-04 - acc: 1.0000 - val_loss: 0.1827 - val_acc: 0.9788
Epoch 119/500
 - 106s - loss: 9.7291e-05 - acc: 1.0000 - val_loss: 0.1649 - val_acc: 0.9797
Epoch 120/500
 - 107s - loss: 1.0282e-04 - acc: 1.0000 - val_loss: 0.1732 - val_acc: 0.9775
Epoch 121/500
 - 105s - loss: 1.0269e-04 - acc: 1.0000 - val_loss: 0.1692 - val_acc: 0.9775
Epoch 122/500
 - 106s - loss: 2.1766e-04 - acc: 1.0000 - val_loss: 0.2027 - val_acc: 0.9760
Epoch 123/500
 - 108s - loss: 0.0445 - acc: 0.9874 - val_loss: 0.1264 - val_acc: 0.9718
Epoch 124/500
 - 107s - loss: 0.0035 - acc: 0.9991 - val_loss: 0.1301 - val_acc: 0.9704
Epoch 125/500
 - 108s - loss: 8.7421e-04 - acc: 1.0000 - val_loss: 0.1289 - val_acc: 0.9732
Epoch 126/500
 - 107s - loss: 7.9143e-04 - acc: 1.0000 - val_loss: 0.1229 - val_acc: 0.9746
Epoch 127/500
 - 107s - loss: 8.7581e-04 - acc: 1.0000 - val_loss: 0.1301 - val_acc: 0.9717
Epoch 128/500
 - 108s - loss: 6.9797e-04 - acc: 1.0000 - val_loss: 0.1262 - val_acc: 0.9777
Epoch 129/500
 - 106s - loss: 3.7759e-04 - acc: 1.0000 - val_loss: 0.1303 - val_acc: 0.9789
Epoch 130/500
 - 105s - loss: 0.0010 - acc: 0.9998 - val_loss: 0.1358 - val_acc: 0.9792
Epoch 131/500
 - 106s - loss: 3.5302e-04 - acc: 1.0000 - val_loss: 0.1344 - val_acc: 0.9763
Epoch 132/500
 - 106s - loss: 3.8537e-04 - acc: 1.0000 - val_loss: 0.1371 - val_acc: 0.9773
Epoch 133/500
 - 106s - loss: 2.4762e-04 - acc: 1.0000 - val_loss: 0.1404 - val_acc: 0.9762
Epoch 134/500
 - 107s - loss: 2.8517e-04 - acc: 1.0000 - val_loss: 0.1456 - val_acc: 0.9773
Epoch 135/500
 - 109s - loss: 2.6971e-04 - acc: 1.0000 - val_loss: 0.1432 - val_acc: 0.9765
Epoch 136/500
 - 106s - loss: 2.2435e-04 - acc: 1.0000 - val_loss: 0.1530 - val_acc: 0.9757
Epoch 137/500
 - 107s - loss: 1.2461e-04 - acc: 1.0000 - val_loss: 0.1485 - val_acc: 0.9775
Epoch 138/500
 - 106s - loss: 3.5447e-04 - acc: 1.0000 - val_loss: 0.1417 - val_acc: 0.9780
Epoch 139/500
 - 107s - loss: 2.3609e-04 - acc: 1.0000 - val_loss: 0.1511 - val_acc: 0.9731
Epoch 140/500
 - 107s - loss: 2.4901e-04 - acc: 1.0000 - val_loss: 0.1498 - val_acc: 0.9761
Epoch 141/500
 - 107s - loss: 2.4862e-04 - acc: 1.0000 - val_loss: 0.1502 - val_acc: 0.9778
Epoch 142/500
 - 107s - loss: 1.6281e-04 - acc: 1.0000 - val_loss: 0.1592 - val_acc: 0.9759
Epoch 143/500
 - 105s - loss: 1.0376e-04 - acc: 1.0000 - val_loss: 0.1547 - val_acc: 0.9761
Epoch 144/500
 - 105s - loss: 1.4806e-04 - acc: 1.0000 - val_loss: 0.1590 - val_acc: 0.9760
Epoch 145/500
 - 106s - loss: 1.3911e-04 - acc: 1.0000 - val_loss: 0.1556 - val_acc: 0.9779
Epoch 146/500
 - 105s - loss: 1.6179e-04 - acc: 1.0000 - val_loss: 0.1606 - val_acc: 0.9760
Epoch 147/500
 - 106s - loss: 1.0847e-04 - acc: 1.0000 - val_loss: 0.1582 - val_acc: 0.9760
Epoch 148/500
 - 106s - loss: 2.3627e-04 - acc: 1.0000 - val_loss: 0.1712 - val_acc: 0.9716
Epoch 149/500
 - 108s - loss: 1.2342e-04 - acc: 1.0000 - val_loss: 0.1549 - val_acc: 0.9762
Epoch 150/500
 - 104s - loss: 1.1547e-04 - acc: 1.0000 - val_loss: 0.1624 - val_acc: 0.9775
Epoch 151/500
 - 105s - loss: 1.1894e-04 - acc: 1.0000 - val_loss: 0.1577 - val_acc: 0.9764
Epoch 152/500
 - 105s - loss: 9.3279e-05 - acc: 1.0000 - val_loss: 0.1645 - val_acc: 0.9759
Epoch 153/500
 - 106s - loss: 7.9955e-05 - acc: 1.0000 - val_loss: 0.1617 - val_acc: 0.9775
Epoch 154/500
 - 104s - loss: 8.8685e-05 - acc: 1.0000 - val_loss: 0.1654 - val_acc: 0.9778
Epoch 155/500
 - 105s - loss: 8.3992e-05 - acc: 1.0000 - val_loss: 0.1609 - val_acc: 0.9777
Epoch 156/500
 - 105s - loss: 8.3784e-05 - acc: 1.0000 - val_loss: 0.1653 - val_acc: 0.9776
Epoch 157/500
 - 105s - loss: 5.4146e-04 - acc: 0.9998 - val_loss: 0.1573 - val_acc: 0.9752
Epoch 158/500
 - 105s - loss: 1.7295e-04 - acc: 1.0000 - val_loss: 0.1524 - val_acc: 0.9778
Epoch 159/500
 - 105s - loss: 2.1714e-04 - acc: 1.0000 - val_loss: 0.1498 - val_acc: 0.9795
Epoch 160/500
 - 105s - loss: 0.0064 - acc: 0.9982 - val_loss: 0.2366 - val_acc: 0.9552
Epoch 161/500
 - 106s - loss: 0.0075 - acc: 0.9969 - val_loss: 0.1541 - val_acc: 0.9773
Epoch 162/500
 - 106s - loss: 0.0068 - acc: 0.9971 - val_loss: 0.1325 - val_acc: 0.9793
Epoch 163/500
 - 107s - loss: 0.0024 - acc: 0.9996 - val_loss: 0.1194 - val_acc: 0.9775
Epoch 164/500
 - 105s - loss: 5.4533e-04 - acc: 1.0000 - val_loss: 0.1250 - val_acc: 0.9791
Epoch 165/500
 - 107s - loss: 4.3793e-04 - acc: 1.0000 - val_loss: 0.1235 - val_acc: 0.9789
Epoch 166/500
 - 106s - loss: 3.4300e-04 - acc: 1.0000 - val_loss: 0.1254 - val_acc: 0.9808
Epoch 167/500
 - 105s - loss: 2.5401e-04 - acc: 1.0000 - val_loss: 0.1234 - val_acc: 0.9805
Epoch 168/500
 - 106s - loss: 2.2153e-04 - acc: 1.0000 - val_loss: 0.1294 - val_acc: 0.9806
Epoch 169/500
 - 106s - loss: 1.8197e-04 - acc: 1.0000 - val_loss: 0.1308 - val_acc: 0.9808
Epoch 170/500
 - 105s - loss: 2.3860e-04 - acc: 1.0000 - val_loss: 0.1464 - val_acc: 0.9746
Epoch 171/500
 - 105s - loss: 1.6662e-04 - acc: 1.0000 - val_loss: 0.1378 - val_acc: 0.9775
Epoch 172/500
 - 105s - loss: 1.5393e-04 - acc: 1.0000 - val_loss: 0.1423 - val_acc: 0.9791
Epoch 173/500
 - 106s - loss: 1.6530e-04 - acc: 1.0000 - val_loss: 0.1473 - val_acc: 0.9790
Epoch 174/500
 - 105s - loss: 1.7085e-04 - acc: 1.0000 - val_loss: 0.1550 - val_acc: 0.9763
Epoch 175/500
 - 105s - loss: 1.9717e-04 - acc: 1.0000 - val_loss: 0.1426 - val_acc: 0.9773
Epoch 176/500
 - 105s - loss: 1.5788e-04 - acc: 1.0000 - val_loss: 0.1446 - val_acc: 0.9763
Epoch 177/500
 - 107s - loss: 2.0769e-04 - acc: 1.0000 - val_loss: 0.1522 - val_acc: 0.9745
Epoch 178/500
 - 104s - loss: 9.6441e-05 - acc: 1.0000 - val_loss: 0.1448 - val_acc: 0.9778
Epoch 179/500
 - 104s - loss: 1.2185e-04 - acc: 1.0000 - val_loss: 0.1517 - val_acc: 0.9774
Epoch 180/500
 - 105s - loss: 1.7399e-04 - acc: 1.0000 - val_loss: 0.1436 - val_acc: 0.9805
Epoch 181/500
 - 105s - loss: 1.1187e-04 - acc: 1.0000 - val_loss: 0.1470 - val_acc: 0.9807
Epoch 182/500
 - 106s - loss: 1.1506e-04 - acc: 1.0000 - val_loss: 0.1508 - val_acc: 0.9802
Epoch 183/500
 - 106s - loss: 2.3585e-04 - acc: 1.0000 - val_loss: 0.1484 - val_acc: 0.9763
Epoch 184/500
 - 105s - loss: 9.4857e-05 - acc: 1.0000 - val_loss: 0.1536 - val_acc: 0.9760
Epoch 185/500
 - 105s - loss: 1.1212e-04 - acc: 1.0000 - val_loss: 0.1496 - val_acc: 0.9767
Epoch 186/500
 - 105s - loss: 8.8966e-05 - acc: 1.0000 - val_loss: 0.1592 - val_acc: 0.9775
Epoch 187/500
 - 105s - loss: 1.2827e-04 - acc: 1.0000 - val_loss: 0.1579 - val_acc: 0.9774
Epoch 188/500
 - 105s - loss: 7.6478e-05 - acc: 1.0000 - val_loss: 0.1544 - val_acc: 0.9777
Epoch 189/500
 - 105s - loss: 1.1019e-04 - acc: 1.0000 - val_loss: 0.1570 - val_acc: 0.9777
Epoch 190/500
 - 106s - loss: 1.0232e-04 - acc: 1.0000 - val_loss: 0.1684 - val_acc: 0.9746
Epoch 191/500
 - 106s - loss: 7.7362e-05 - acc: 1.0000 - val_loss: 0.1612 - val_acc: 0.9764
Epoch 192/500
 - 105s - loss: 7.7816e-05 - acc: 1.0000 - val_loss: 0.1647 - val_acc: 0.9773
Epoch 193/500
 - 105s - loss: 7.3759e-05 - acc: 1.0000 - val_loss: 0.1683 - val_acc: 0.9746
Epoch 194/500
 - 105s - loss: 7.1371e-05 - acc: 1.0000 - val_loss: 0.1629 - val_acc: 0.9747
Epoch 195/500
 - 105s - loss: 7.9323e-05 - acc: 1.0000 - val_loss: 0.1667 - val_acc: 0.9762
Epoch 196/500
 - 106s - loss: 5.0964e-05 - acc: 1.0000 - val_loss: 0.1658 - val_acc: 0.9774
Epoch 197/500
 - 103s - loss: 5.9984e-05 - acc: 1.0000 - val_loss: 0.1644 - val_acc: 0.9763
Epoch 198/500
 - 104s - loss: 5.8491e-05 - acc: 1.0000 - val_loss: 0.1649 - val_acc: 0.9760
Epoch 199/500
 - 103s - loss: 5.7934e-05 - acc: 1.0000 - val_loss: 0.1644 - val_acc: 0.9760
Epoch 200/500
 - 102s - loss: 6.8642e-05 - acc: 1.0000 - val_loss: 0.1588 - val_acc: 0.9779
Epoch 201/500
 - 103s - loss: 1.1268e-04 - acc: 1.0000 - val_loss: 0.1733 - val_acc: 0.9762
Epoch 202/500
 - 104s - loss: 7.2078e-05 - acc: 1.0000 - val_loss: 0.1646 - val_acc: 0.9758
Epoch 203/500
 - 106s - loss: 8.3216e-05 - acc: 1.0000 - val_loss: 0.1623 - val_acc: 0.9760
Epoch 204/500
 - 103s - loss: 6.0662e-05 - acc: 1.0000 - val_loss: 0.1612 - val_acc: 0.9763
Epoch 205/500
 - 103s - loss: 7.2155e-05 - acc: 1.0000 - val_loss: 0.1710 - val_acc: 0.9758
Epoch 206/500
 - 103s - loss: 5.7864e-05 - acc: 1.0000 - val_loss: 0.1672 - val_acc: 0.9760
Epoch 207/500
 - 103s - loss: 8.9155e-05 - acc: 1.0000 - val_loss: 0.1635 - val_acc: 0.9780
Epoch 208/500
 - 103s - loss: 4.1350e-05 - acc: 1.0000 - val_loss: 0.1696 - val_acc: 0.9775
Epoch 209/500
 - 103s - loss: 6.1605e-05 - acc: 1.0000 - val_loss: 0.1689 - val_acc: 0.9762
Epoch 210/500
 - 102s - loss: 7.5709e-05 - acc: 1.0000 - val_loss: 0.1742 - val_acc: 0.9760
Epoch 211/500
 - 103s - loss: 5.7015e-05 - acc: 1.0000 - val_loss: 0.1683 - val_acc: 0.9761
Epoch 212/500
 - 103s - loss: 7.5131e-05 - acc: 1.0000 - val_loss: 0.1702 - val_acc: 0.9778
Epoch 213/500
 - 102s - loss: 4.5747e-05 - acc: 1.0000 - val_loss: 0.1634 - val_acc: 0.9778
Epoch 214/500
 - 102s - loss: 4.1931e-05 - acc: 1.0000 - val_loss: 0.1695 - val_acc: 0.9773
Epoch 215/500
 - 103s - loss: 6.3485e-05 - acc: 1.0000 - val_loss: 0.1728 - val_acc: 0.9779
Epoch 216/500
 - 103s - loss: 4.1343e-05 - acc: 1.0000 - val_loss: 0.1719 - val_acc: 0.9761
Epoch 217/500
 - 103s - loss: 3.6535e-05 - acc: 1.0000 - val_loss: 0.1697 - val_acc: 0.9775
Epoch 218/500
 - 102s - loss: 5.6360e-05 - acc: 1.0000 - val_loss: 0.1787 - val_acc: 0.9773
Epoch 219/500
 - 103s - loss: 3.3275e-05 - acc: 1.0000 - val_loss: 0.1728 - val_acc: 0.9780
Epoch 220/500
 - 102s - loss: 4.2369e-05 - acc: 1.0000 - val_loss: 0.1777 - val_acc: 0.9775
Epoch 221/500
 - 103s - loss: 3.8649e-05 - acc: 1.0000 - val_loss: 0.1693 - val_acc: 0.9762
Epoch 222/500
 - 103s - loss: 5.9739e-05 - acc: 1.0000 - val_loss: 0.1746 - val_acc: 0.9762
Epoch 223/500
 - 102s - loss: 5.5129e-05 - acc: 1.0000 - val_loss: 0.1758 - val_acc: 0.9775
Epoch 224/500
 - 103s - loss: 4.9131e-05 - acc: 1.0000 - val_loss: 0.1792 - val_acc: 0.9777
Epoch 225/500
 - 102s - loss: 3.4827e-05 - acc: 1.0000 - val_loss: 0.1783 - val_acc: 0.9774
Epoch 226/500
 - 102s - loss: 6.0637e-05 - acc: 1.0000 - val_loss: 0.1771 - val_acc: 0.9777
Epoch 227/500
 - 102s - loss: 4.2545e-05 - acc: 1.0000 - val_loss: 0.1825 - val_acc: 0.9775
Epoch 228/500
 - 103s - loss: 3.9743e-05 - acc: 1.0000 - val_loss: 0.1777 - val_acc: 0.9779
Epoch 229/500
 - 102s - loss: 4.4384e-05 - acc: 1.0000 - val_loss: 0.1788 - val_acc: 0.9760
Epoch 230/500
 - 103s - loss: 3.9630e-05 - acc: 1.0000 - val_loss: 0.1763 - val_acc: 0.9761
Epoch 231/500
 - 103s - loss: 4.3332e-05 - acc: 1.0000 - val_loss: 0.1812 - val_acc: 0.9775
Epoch 232/500
 - 102s - loss: 3.3313e-05 - acc: 1.0000 - val_loss: 0.1768 - val_acc: 0.9761
Epoch 233/500
 - 102s - loss: 3.7744e-05 - acc: 1.0000 - val_loss: 0.1766 - val_acc: 0.9778
Epoch 234/500
 - 101s - loss: 2.2185e-05 - acc: 1.0000 - val_loss: 0.1747 - val_acc: 0.9761
Epoch 235/500
 - 101s - loss: 5.9484e-05 - acc: 1.0000 - val_loss: 0.1895 - val_acc: 0.9760
Epoch 236/500
 - 102s - loss: 4.7393e-05 - acc: 1.0000 - val_loss: 0.1799 - val_acc: 0.9760
Epoch 237/500
 - 102s - loss: 5.0674e-05 - acc: 1.0000 - val_loss: 0.1875 - val_acc: 0.9760
Epoch 238/500
 - 102s - loss: 6.4471e-05 - acc: 1.0000 - val_loss: 0.1768 - val_acc: 0.9766
Epoch 239/500
 - 102s - loss: 3.7880e-05 - acc: 1.0000 - val_loss: 0.1827 - val_acc: 0.9761
Epoch 240/500
 - 101s - loss: 3.7677e-05 - acc: 1.0000 - val_loss: 0.1823 - val_acc: 0.9761
Epoch 241/500
 - 102s - loss: 2.9761e-05 - acc: 1.0000 - val_loss: 0.1870 - val_acc: 0.9758
Epoch 242/500
 - 102s - loss: 4.3863e-05 - acc: 1.0000 - val_loss: 0.1750 - val_acc: 0.9765
Epoch 243/500
 - 102s - loss: 2.9537e-05 - acc: 1.0000 - val_loss: 0.1813 - val_acc: 0.9760
Epoch 244/500
 - 102s - loss: 4.2189e-05 - acc: 1.0000 - val_loss: 0.1773 - val_acc: 0.9760
Epoch 245/500
 - 102s - loss: 6.6698e-05 - acc: 1.0000 - val_loss: 0.1703 - val_acc: 0.9777
Epoch 246/500
 - 101s - loss: 2.2466e-04 - acc: 1.0000 - val_loss: 0.1765 - val_acc: 0.9756
Epoch 247/500
 - 103s - loss: 4.3504e-05 - acc: 1.0000 - val_loss: 0.1656 - val_acc: 0.9782
Epoch 248/500
 - 102s - loss: 4.4160e-05 - acc: 1.0000 - val_loss: 0.1760 - val_acc: 0.9773
Epoch 249/500
 - 102s - loss: 5.7390e-05 - acc: 1.0000 - val_loss: 0.1753 - val_acc: 0.9775
Epoch 250/500
 - 102s - loss: 2.8818e-05 - acc: 1.0000 - val_loss: 0.1746 - val_acc: 0.9762
Epoch 251/500
 - 103s - loss: 2.3106e-05 - acc: 1.0000 - val_loss: 0.1760 - val_acc: 0.9760
Epoch 252/500
 - 101s - loss: 7.6333e-05 - acc: 1.0000 - val_loss: 0.1817 - val_acc: 0.9762
Epoch 253/500
 - 101s - loss: 5.0650e-05 - acc: 1.0000 - val_loss: 0.1759 - val_acc: 0.9775
Epoch 254/500
 - 102s - loss: 2.5910e-05 - acc: 1.0000 - val_loss: 0.1704 - val_acc: 0.9778
Epoch 255/500
 - 102s - loss: 3.3249e-05 - acc: 1.0000 - val_loss: 0.1802 - val_acc: 0.9760
Epoch 256/500
 - 101s - loss: 3.3001e-05 - acc: 1.0000 - val_loss: 0.1789 - val_acc: 0.9776
Epoch 257/500
 - 102s - loss: 2.5174e-05 - acc: 1.0000 - val_loss: 0.1744 - val_acc: 0.9776
Epoch 258/500
 - 102s - loss: 3.4792e-05 - acc: 1.0000 - val_loss: 0.1773 - val_acc: 0.9775
Epoch 259/500
 - 102s - loss: 4.3891e-05 - acc: 1.0000 - val_loss: 0.1790 - val_acc: 0.9775
Epoch 260/500
 - 101s - loss: 2.6781e-05 - acc: 1.0000 - val_loss: 0.1799 - val_acc: 0.9760
Epoch 261/500
 - 101s - loss: 2.8214e-05 - acc: 1.0000 - val_loss: 0.1716 - val_acc: 0.9768
Epoch 262/500
 - 101s - loss: 3.1760e-05 - acc: 1.0000 - val_loss: 0.1805 - val_acc: 0.9760
Epoch 263/500
 - 101s - loss: 2.8669e-05 - acc: 1.0000 - val_loss: 0.1834 - val_acc: 0.9759
Epoch 264/500
 - 103s - loss: 0.0227 - acc: 0.9954 - val_loss: 0.1315 - val_acc: 0.9746
Epoch 265/500
 - 103s - loss: 9.6657e-04 - acc: 0.9998 - val_loss: 0.1401 - val_acc: 0.9692
Epoch 266/500
 - 103s - loss: 4.2709e-04 - acc: 1.0000 - val_loss: 0.1523 - val_acc: 0.9725
Epoch 267/500
 - 103s - loss: 2.5224e-04 - acc: 1.0000 - val_loss: 0.1525 - val_acc: 0.9753
Epoch 268/500
 - 103s - loss: 3.1089e-04 - acc: 1.0000 - val_loss: 0.1613 - val_acc: 0.9756
Epoch 269/500
 - 103s - loss: 3.3084e-04 - acc: 1.0000 - val_loss: 0.1530 - val_acc: 0.9763
Epoch 270/500
 - 104s - loss: 0.0015 - acc: 0.9996 - val_loss: 0.1423 - val_acc: 0.9744
Epoch 271/500
 - 103s - loss: 0.0010 - acc: 0.9998 - val_loss: 0.1623 - val_acc: 0.9716
Epoch 272/500
 - 103s - loss: 2.2637e-04 - acc: 1.0000 - val_loss: 0.1429 - val_acc: 0.9749
Epoch 273/500
 - 102s - loss: 0.0195 - acc: 0.9958 - val_loss: 0.1346 - val_acc: 0.9731
Epoch 274/500
 - 102s - loss: 0.0035 - acc: 0.9989 - val_loss: 0.1451 - val_acc: 0.9733
Epoch 275/500
 - 103s - loss: 7.7286e-04 - acc: 1.0000 - val_loss: 0.1496 - val_acc: 0.9746
Epoch 276/500
 - 104s - loss: 5.2082e-04 - acc: 1.0000 - val_loss: 0.1535 - val_acc: 0.9713
Epoch 277/500
 - 102s - loss: 5.9142e-04 - acc: 1.0000 - val_loss: 0.1353 - val_acc: 0.9763
Epoch 278/500
 - 102s - loss: 5.2085e-04 - acc: 1.0000 - val_loss: 0.1514 - val_acc: 0.9748
Epoch 279/500
 - 103s - loss: 2.4836e-04 - acc: 1.0000 - val_loss: 0.1547 - val_acc: 0.9760
Epoch 280/500
 - 102s - loss: 3.9431e-04 - acc: 0.9998 - val_loss: 0.1579 - val_acc: 0.9746
Epoch 281/500
 - 103s - loss: 3.2881e-04 - acc: 1.0000 - val_loss: 0.1602 - val_acc: 0.9733
Epoch 282/500
 - 104s - loss: 2.1056e-04 - acc: 1.0000 - val_loss: 0.1561 - val_acc: 0.9745
Epoch 283/500
 - 102s - loss: 1.3525e-04 - acc: 1.0000 - val_loss: 0.1584 - val_acc: 0.9749
Epoch 284/500
 - 103s - loss: 3.4460e-04 - acc: 1.0000 - val_loss: 0.1606 - val_acc: 0.9726
Epoch 285/500
 - 103s - loss: 1.4677e-04 - acc: 1.0000 - val_loss: 0.1604 - val_acc: 0.9748
Epoch 286/500
 - 103s - loss: 8.9257e-05 - acc: 1.0000 - val_loss: 0.1614 - val_acc: 0.9747
Epoch 287/500
 - 102s - loss: 1.2957e-04 - acc: 1.0000 - val_loss: 0.1691 - val_acc: 0.9744
Epoch 288/500
 - 104s - loss: 1.2191e-04 - acc: 1.0000 - val_loss: 0.1658 - val_acc: 0.9748
Epoch 289/500
 - 102s - loss: 7.4512e-05 - acc: 1.0000 - val_loss: 0.1695 - val_acc: 0.9747
Epoch 290/500
 - 102s - loss: 8.1090e-05 - acc: 1.0000 - val_loss: 0.1721 - val_acc: 0.9745
Epoch 291/500
 - 102s - loss: 8.4816e-05 - acc: 1.0000 - val_loss: 0.1763 - val_acc: 0.9745
Epoch 292/500
 - 104s - loss: 1.5813e-04 - acc: 1.0000 - val_loss: 0.1706 - val_acc: 0.9762
Epoch 293/500
 - 103s - loss: 7.6858e-05 - acc: 1.0000 - val_loss: 0.1730 - val_acc: 0.9761
Epoch 294/500
 - 103s - loss: 6.8388e-05 - acc: 1.0000 - val_loss: 0.1728 - val_acc: 0.9761
Epoch 295/500
 - 102s - loss: 8.4840e-05 - acc: 1.0000 - val_loss: 0.1781 - val_acc: 0.9746
Epoch 296/500
 - 102s - loss: 1.1536e-04 - acc: 1.0000 - val_loss: 0.1875 - val_acc: 0.9731
Epoch 297/500
 - 104s - loss: 7.6112e-05 - acc: 1.0000 - val_loss: 0.1801 - val_acc: 0.9744
Epoch 298/500
 - 103s - loss: 6.8823e-05 - acc: 1.0000 - val_loss: 0.1771 - val_acc: 0.9748
Epoch 299/500
 - 103s - loss: 8.3023e-05 - acc: 1.0000 - val_loss: 0.1741 - val_acc: 0.9761
Epoch 300/500
 - 103s - loss: 7.2560e-05 - acc: 1.0000 - val_loss: 0.1816 - val_acc: 0.9746
Epoch 301/500
 - 103s - loss: 6.8479e-05 - acc: 1.0000 - val_loss: 0.1761 - val_acc: 0.9747
Epoch 302/500
 - 103s - loss: 6.7439e-05 - acc: 1.0000 - val_loss: 0.1687 - val_acc: 0.9764
Epoch 303/500
 - 103s - loss: 5.9102e-05 - acc: 1.0000 - val_loss: 0.1734 - val_acc: 0.9760
Epoch 304/500
 - 103s - loss: 5.5420e-05 - acc: 1.0000 - val_loss: 0.1723 - val_acc: 0.9763
Epoch 305/500
 - 103s - loss: 7.2223e-05 - acc: 1.0000 - val_loss: 0.1719 - val_acc: 0.9758
Epoch 306/500
 - 105s - loss: 7.2577e-05 - acc: 1.0000 - val_loss: 0.1772 - val_acc: 0.9762
Epoch 307/500
 - 102s - loss: 4.5072e-05 - acc: 1.0000 - val_loss: 0.1785 - val_acc: 0.9746
Epoch 308/500
 - 103s - loss: 6.3769e-05 - acc: 1.0000 - val_loss: 0.1703 - val_acc: 0.9759
Epoch 309/500
 - 102s - loss: 1.0938e-04 - acc: 1.0000 - val_loss: 0.1813 - val_acc: 0.9752
Epoch 310/500
 - 101s - loss: 6.7937e-05 - acc: 1.0000 - val_loss: 0.1837 - val_acc: 0.9745
Epoch 311/500
 - 102s - loss: 4.3158e-05 - acc: 1.0000 - val_loss: 0.1803 - val_acc: 0.9759
Epoch 312/500
 - 102s - loss: 5.3138e-05 - acc: 1.0000 - val_loss: 0.1818 - val_acc: 0.9747
Epoch 313/500
 - 103s - loss: 6.4202e-05 - acc: 1.0000 - val_loss: 0.1805 - val_acc: 0.9746
Epoch 314/500
 - 103s - loss: 8.5670e-05 - acc: 1.0000 - val_loss: 0.1788 - val_acc: 0.9746
Epoch 315/500
 - 103s - loss: 5.7200e-05 - acc: 1.0000 - val_loss: 0.1792 - val_acc: 0.9746
Epoch 316/500
 - 103s - loss: 5.0887e-05 - acc: 1.0000 - val_loss: 0.1827 - val_acc: 0.9746
Epoch 317/500
 - 102s - loss: 5.8474e-05 - acc: 1.0000 - val_loss: 0.1845 - val_acc: 0.9746
Epoch 318/500
 - 103s - loss: 4.7560e-05 - acc: 1.0000 - val_loss: 0.1855 - val_acc: 0.9746
Epoch 319/500
 - 103s - loss: 3.8473e-05 - acc: 1.0000 - val_loss: 0.1884 - val_acc: 0.9744
Epoch 320/500
 - 102s - loss: 5.4282e-05 - acc: 1.0000 - val_loss: 0.1768 - val_acc: 0.9765
Epoch 321/500
 - 103s - loss: 4.3498e-05 - acc: 1.0000 - val_loss: 0.1831 - val_acc: 0.9761
Epoch 322/500
 - 103s - loss: 3.1627e-05 - acc: 1.0000 - val_loss: 0.1840 - val_acc: 0.9763
Epoch 323/500
 - 103s - loss: 4.1717e-05 - acc: 1.0000 - val_loss: 0.1858 - val_acc: 0.9743
Epoch 324/500
 - 103s - loss: 3.7466e-05 - acc: 1.0000 - val_loss: 0.1863 - val_acc: 0.9747
Epoch 325/500
 - 103s - loss: 4.3009e-05 - acc: 1.0000 - val_loss: 0.1912 - val_acc: 0.9746
Epoch 326/500
 - 102s - loss: 2.9182e-05 - acc: 1.0000 - val_loss: 0.1861 - val_acc: 0.9759
Epoch 327/500
 - 102s - loss: 3.8752e-05 - acc: 1.0000 - val_loss: 0.1853 - val_acc: 0.9761
Epoch 328/500
 - 102s - loss: 6.3525e-05 - acc: 1.0000 - val_loss: 0.1771 - val_acc: 0.9780
Epoch 329/500
 - 102s - loss: 3.0782e-05 - acc: 1.0000 - val_loss: 0.1860 - val_acc: 0.9757
Epoch 330/500
 - 103s - loss: 6.2175e-05 - acc: 1.0000 - val_loss: 0.1880 - val_acc: 0.9763
Epoch 331/500
 - 102s - loss: 4.6276e-05 - acc: 1.0000 - val_loss: 0.1940 - val_acc: 0.9746
Epoch 332/500
 - 103s - loss: 3.7664e-05 - acc: 1.0000 - val_loss: 0.1868 - val_acc: 0.9747
Epoch 333/500
 - 103s - loss: 4.3218e-05 - acc: 1.0000 - val_loss: 0.1887 - val_acc: 0.9746
Epoch 334/500
 - 104s - loss: 3.6921e-05 - acc: 1.0000 - val_loss: 0.1894 - val_acc: 0.9746
Epoch 335/500
 - 103s - loss: 2.7279e-05 - acc: 1.0000 - val_loss: 0.1875 - val_acc: 0.9761
Epoch 336/500
 - 102s - loss: 5.3677e-05 - acc: 1.0000 - val_loss: 0.1907 - val_acc: 0.9746
Epoch 337/500
 - 103s - loss: 6.4909e-05 - acc: 1.0000 - val_loss: 0.1800 - val_acc: 0.9761
Epoch 338/500
 - 104s - loss: 4.2743e-05 - acc: 1.0000 - val_loss: 0.1848 - val_acc: 0.9763
Epoch 339/500
 - 103s - loss: 3.1184e-05 - acc: 1.0000 - val_loss: 0.1870 - val_acc: 0.9745
Epoch 340/500
 - 103s - loss: 3.5056e-05 - acc: 1.0000 - val_loss: 0.1919 - val_acc: 0.9745
Epoch 341/500
 - 103s - loss: 6.6824e-05 - acc: 1.0000 - val_loss: 0.1822 - val_acc: 0.9762
Epoch 342/500
 - 104s - loss: 4.2854e-05 - acc: 1.0000 - val_loss: 0.1867 - val_acc: 0.9750
Epoch 343/500
 - 105s - loss: 3.8139e-05 - acc: 1.0000 - val_loss: 0.1923 - val_acc: 0.9744
Epoch 344/500
 - 104s - loss: 3.5823e-05 - acc: 1.0000 - val_loss: 0.1913 - val_acc: 0.9743
Epoch 345/500
 - 104s - loss: 3.3208e-05 - acc: 1.0000 - val_loss: 0.1881 - val_acc: 0.9751
Epoch 346/500
 - 104s - loss: 3.0837e-05 - acc: 1.0000 - val_loss: 0.1927 - val_acc: 0.9744
Epoch 347/500
 - 103s - loss: 4.2154e-05 - acc: 1.0000 - val_loss: 0.1955 - val_acc: 0.9748
Epoch 348/500
 - 104s - loss: 1.9350e-05 - acc: 1.0000 - val_loss: 0.1914 - val_acc: 0.9746
Epoch 349/500
 - 104s - loss: 3.4095e-05 - acc: 1.0000 - val_loss: 0.1900 - val_acc: 0.9761
Epoch 350/500
 - 104s - loss: 1.9754e-05 - acc: 1.0000 - val_loss: 0.1955 - val_acc: 0.9742
Epoch 351/500
 - 104s - loss: 3.4604e-05 - acc: 1.0000 - val_loss: 0.1826 - val_acc: 0.9763
Epoch 352/500
 - 103s - loss: 4.7060e-05 - acc: 1.0000 - val_loss: 0.1949 - val_acc: 0.9745
Epoch 353/500
 - 103s - loss: 2.5559e-05 - acc: 1.0000 - val_loss: 0.1929 - val_acc: 0.9746
Epoch 354/500
 - 104s - loss: 1.8250e-05 - acc: 1.0000 - val_loss: 0.1955 - val_acc: 0.9746
Epoch 355/500
 - 105s - loss: 3.2793e-05 - acc: 1.0000 - val_loss: 0.1936 - val_acc: 0.9747
Epoch 356/500
 - 105s - loss: 3.3816e-05 - acc: 1.0000 - val_loss: 0.1979 - val_acc: 0.9746
Epoch 357/500
 - 105s - loss: 5.3030e-05 - acc: 1.0000 - val_loss: 0.1818 - val_acc: 0.9760
Epoch 358/500
 - 104s - loss: 3.9552e-05 - acc: 1.0000 - val_loss: 0.1871 - val_acc: 0.9761
Epoch 359/500
 - 104s - loss: 1.8584e-05 - acc: 1.0000 - val_loss: 0.1896 - val_acc: 0.9760
Epoch 360/500
 - 104s - loss: 2.7096e-05 - acc: 1.0000 - val_loss: 0.1873 - val_acc: 0.9762
Epoch 361/500
 - 104s - loss: 2.6657e-05 - acc: 1.0000 - val_loss: 0.1922 - val_acc: 0.9746
Epoch 362/500
 - 104s - loss: 3.0266e-05 - acc: 1.0000 - val_loss: 0.1918 - val_acc: 0.9746
Epoch 363/500
 - 105s - loss: 2.5460e-05 - acc: 1.0000 - val_loss: 0.1896 - val_acc: 0.9761
Epoch 364/500
 - 105s - loss: 2.6256e-05 - acc: 1.0000 - val_loss: 0.1888 - val_acc: 0.9761
Epoch 365/500
 - 105s - loss: 1.7561e-05 - acc: 1.0000 - val_loss: 0.1901 - val_acc: 0.9762
Epoch 366/500
 - 103s - loss: 2.5089e-05 - acc: 1.0000 - val_loss: 0.1941 - val_acc: 0.9742
Epoch 367/500
 - 103s - loss: 2.0926e-05 - acc: 1.0000 - val_loss: 0.1950 - val_acc: 0.9746
Epoch 368/500
 - 104s - loss: 2.0651e-05 - acc: 1.0000 - val_loss: 0.1912 - val_acc: 0.9747
Epoch 369/500
 - 105s - loss: 2.3512e-05 - acc: 1.0000 - val_loss: 0.1929 - val_acc: 0.9746
Epoch 370/500
 - 105s - loss: 2.0444e-05 - acc: 1.0000 - val_loss: 0.1952 - val_acc: 0.9762
Epoch 371/500
 - 104s - loss: 3.5156e-05 - acc: 1.0000 - val_loss: 0.1946 - val_acc: 0.9747
Epoch 372/500
 - 104s - loss: 3.3371e-05 - acc: 1.0000 - val_loss: 0.1997 - val_acc: 0.9743
Epoch 373/500
 - 104s - loss: 1.7984e-05 - acc: 1.0000 - val_loss: 0.1932 - val_acc: 0.9747
Epoch 374/500
 - 104s - loss: 2.3551e-05 - acc: 1.0000 - val_loss: 0.1957 - val_acc: 0.9748
Epoch 375/500
 - 104s - loss: 1.9123e-05 - acc: 1.0000 - val_loss: 0.1961 - val_acc: 0.9747
Epoch 376/500
 - 105s - loss: 2.9110e-05 - acc: 1.0000 - val_loss: 0.1970 - val_acc: 0.9745
Epoch 377/500
 - 105s - loss: 2.8150e-05 - acc: 1.0000 - val_loss: 0.1977 - val_acc: 0.9746
Epoch 378/500
 - 104s - loss: 2.3069e-05 - acc: 1.0000 - val_loss: 0.1937 - val_acc: 0.9760
Epoch 379/500
 - 104s - loss: 2.0521e-05 - acc: 1.0000 - val_loss: 0.1911 - val_acc: 0.9763
Epoch 380/500
 - 104s - loss: 1.9031e-05 - acc: 1.0000 - val_loss: 0.1982 - val_acc: 0.9760
Epoch 381/500
 - 105s - loss: 1.7604e-05 - acc: 1.0000 - val_loss: 0.1953 - val_acc: 0.9761
Epoch 382/500
 - 105s - loss: 2.5390e-05 - acc: 1.0000 - val_loss: 0.1927 - val_acc: 0.9761
Epoch 383/500
 - 106s - loss: 1.6991e-05 - acc: 1.0000 - val_loss: 0.1958 - val_acc: 0.9760
Epoch 384/500
 - 105s - loss: 1.9190e-05 - acc: 1.0000 - val_loss: 0.1939 - val_acc: 0.9760
Epoch 385/500
 - 105s - loss: 2.6163e-05 - acc: 1.0000 - val_loss: 0.2032 - val_acc: 0.9742
Epoch 386/500
 - 105s - loss: 2.2842e-05 - acc: 1.0000 - val_loss: 0.1916 - val_acc: 0.9753
Epoch 387/500
 - 105s - loss: 1.4382e-05 - acc: 1.0000 - val_loss: 0.2014 - val_acc: 0.9757
Epoch 388/500
 - 105s - loss: 1.9459e-05 - acc: 1.0000 - val_loss: 0.1979 - val_acc: 0.9750
Epoch 389/500
 - 105s - loss: 1.8062e-05 - acc: 1.0000 - val_loss: 0.2015 - val_acc: 0.9746
Epoch 390/500
 - 106s - loss: 1.6912e-05 - acc: 1.0000 - val_loss: 0.1967 - val_acc: 0.9749
Epoch 391/500
 - 105s - loss: 1.6730e-05 - acc: 1.0000 - val_loss: 0.2054 - val_acc: 0.9759
Epoch 392/500
 - 104s - loss: 2.4242e-05 - acc: 1.0000 - val_loss: 0.2040 - val_acc: 0.9743
Epoch 393/500
 - 107s - loss: 6.6415e-05 - acc: 1.0000 - val_loss: 0.1957 - val_acc: 0.9751
Epoch 394/500
 - 106s - loss: 2.4212e-05 - acc: 1.0000 - val_loss: 0.1967 - val_acc: 0.9746
Epoch 395/500
 - 105s - loss: 2.0223e-05 - acc: 1.0000 - val_loss: 0.1967 - val_acc: 0.9745
Epoch 396/500
 - 106s - loss: 1.4826e-05 - acc: 1.0000 - val_loss: 0.1976 - val_acc: 0.9746
Epoch 397/500
 - 105s - loss: 2.2134e-05 - acc: 1.0000 - val_loss: 0.2000 - val_acc: 0.9745
Epoch 398/500
 - 105s - loss: 1.6264e-05 - acc: 1.0000 - val_loss: 0.2001 - val_acc: 0.9746
Epoch 399/500
 - 105s - loss: 2.3302e-05 - acc: 1.0000 - val_loss: 0.1958 - val_acc: 0.9748
Epoch 400/500
 - 105s - loss: 1.5414e-05 - acc: 1.0000 - val_loss: 0.1995 - val_acc: 0.9746
Epoch 401/500
 - 107s - loss: 1.2881e-05 - acc: 1.0000 - val_loss: 0.1986 - val_acc: 0.9746
Epoch 402/500
 - 107s - loss: 2.2322e-05 - acc: 1.0000 - val_loss: 0.1944 - val_acc: 0.9760
Epoch 403/500
 - 109s - loss: 2.2188e-05 - acc: 1.0000 - val_loss: 0.1982 - val_acc: 0.9746
Epoch 404/500
 - 109s - loss: 1.6265e-05 - acc: 1.0000 - val_loss: 0.2020 - val_acc: 0.9748
Epoch 405/500
 - 110s - loss: 1.3066e-05 - acc: 1.0000 - val_loss: 0.1967 - val_acc: 0.9747
Epoch 406/500
 - 113s - loss: 2.6830e-05 - acc: 1.0000 - val_loss: 0.2044 - val_acc: 0.9744
Epoch 407/500
 - 111s - loss: 1.8238e-05 - acc: 1.0000 - val_loss: 0.2006 - val_acc: 0.9747
Epoch 408/500
 - 111s - loss: 2.7718e-05 - acc: 1.0000 - val_loss: 0.2032 - val_acc: 0.9745
Epoch 409/500
 - 110s - loss: 2.3125e-05 - acc: 1.0000 - val_loss: 0.2115 - val_acc: 0.9745
Epoch 410/500
 - 109s - loss: 1.7530e-05 - acc: 1.0000 - val_loss: 0.2019 - val_acc: 0.9751
Epoch 411/500
 - 108s - loss: 1.3568e-05 - acc: 1.0000 - val_loss: 0.2037 - val_acc: 0.9746
Epoch 412/500
 - 107s - loss: 1.9318e-05 - acc: 1.0000 - val_loss: 0.2062 - val_acc: 0.9757
Epoch 413/500
 - 106s - loss: 1.3970e-05 - acc: 1.0000 - val_loss: 0.2002 - val_acc: 0.9764
Epoch 414/500
 - 105s - loss: 1.7480e-05 - acc: 1.0000 - val_loss: 0.2028 - val_acc: 0.9760
Epoch 415/500
 - 105s - loss: 1.2096e-05 - acc: 1.0000 - val_loss: 0.1991 - val_acc: 0.9762
Epoch 416/500
 - 107s - loss: 1.8002e-05 - acc: 1.0000 - val_loss: 0.2019 - val_acc: 0.9748
Epoch 417/500
 - 106s - loss: 1.5899e-05 - acc: 1.0000 - val_loss: 0.2052 - val_acc: 0.9745
Epoch 418/500
 - 106s - loss: 1.2869e-05 - acc: 1.0000 - val_loss: 0.2036 - val_acc: 0.9746
Epoch 419/500
 - 106s - loss: 1.3411e-05 - acc: 1.0000 - val_loss: 0.2035 - val_acc: 0.9746
Epoch 420/500
 - 104s - loss: 2.1821e-05 - acc: 1.0000 - val_loss: 0.2060 - val_acc: 0.9747
Epoch 421/500
 - 104s - loss: 1.4550e-05 - acc: 1.0000 - val_loss: 0.2023 - val_acc: 0.9747
Epoch 422/500
 - 106s - loss: 2.2931e-05 - acc: 1.0000 - val_loss: 0.2099 - val_acc: 0.9746
Epoch 423/500
 - 105s - loss: 2.0253e-05 - acc: 1.0000 - val_loss: 0.2114 - val_acc: 0.9745
Epoch 424/500
 - 106s - loss: 1.2045e-05 - acc: 1.0000 - val_loss: 0.2044 - val_acc: 0.9747
Epoch 425/500
 - 104s - loss: 1.3057e-05 - acc: 1.0000 - val_loss: 0.2080 - val_acc: 0.9750
Epoch 426/500
 - 106s - loss: 1.0643e-05 - acc: 1.0000 - val_loss: 0.2044 - val_acc: 0.9745
Epoch 427/500
 - 106s - loss: 1.5642e-05 - acc: 1.0000 - val_loss: 0.2134 - val_acc: 0.9742
Epoch 428/500
 - 106s - loss: 1.6226e-05 - acc: 1.0000 - val_loss: 0.2078 - val_acc: 0.9746
Epoch 429/500
 - 106s - loss: 1.3462e-05 - acc: 1.0000 - val_loss: 0.2053 - val_acc: 0.9747
Epoch 430/500
 - 105s - loss: 1.6203e-05 - acc: 1.0000 - val_loss: 0.2074 - val_acc: 0.9750
Epoch 431/500
 - 105s - loss: 1.6234e-05 - acc: 1.0000 - val_loss: 0.2088 - val_acc: 0.9745
Epoch 432/500
 - 106s - loss: 1.6374e-05 - acc: 1.0000 - val_loss: 0.2072 - val_acc: 0.9746
Epoch 433/500
 - 106s - loss: 2.3605e-05 - acc: 1.0000 - val_loss: 0.2076 - val_acc: 0.9746
Epoch 434/500
 - 106s - loss: 9.5570e-06 - acc: 1.0000 - val_loss: 0.2083 - val_acc: 0.9746
Epoch 435/500
 - 106s - loss: 1.3306e-05 - acc: 1.0000 - val_loss: 0.2092 - val_acc: 0.9745
Epoch 436/500
 - 106s - loss: 1.3144e-05 - acc: 1.0000 - val_loss: 0.2051 - val_acc: 0.9749
Epoch 437/500
 - 106s - loss: 1.6867e-05 - acc: 1.0000 - val_loss: 0.2064 - val_acc: 0.9747
Epoch 438/500
 - 107s - loss: 1.1770e-05 - acc: 1.0000 - val_loss: 0.2127 - val_acc: 0.9743
Epoch 439/500
 - 106s - loss: 1.1658e-05 - acc: 1.0000 - val_loss: 0.2054 - val_acc: 0.9749
Epoch 440/500
 - 105s - loss: 1.9398e-05 - acc: 1.0000 - val_loss: 0.2100 - val_acc: 0.9744
Epoch 441/500
 - 107s - loss: 1.3593e-05 - acc: 1.0000 - val_loss: 0.2100 - val_acc: 0.9747
Epoch 442/500
 - 105s - loss: 1.4447e-05 - acc: 1.0000 - val_loss: 0.2092 - val_acc: 0.9746
Epoch 443/500
 - 107s - loss: 1.6465e-05 - acc: 1.0000 - val_loss: 0.2088 - val_acc: 0.9748
Epoch 444/500
 - 106s - loss: 1.2377e-05 - acc: 1.0000 - val_loss: 0.2085 - val_acc: 0.9745
Epoch 445/500
 - 107s - loss: 1.2425e-05 - acc: 1.0000 - val_loss: 0.2076 - val_acc: 0.9745
Epoch 446/500
 - 107s - loss: 2.5019e-05 - acc: 1.0000 - val_loss: 0.2019 - val_acc: 0.9760
Epoch 447/500
 - 105s - loss: 1.6049e-05 - acc: 1.0000 - val_loss: 0.2030 - val_acc: 0.9746
Epoch 448/500
 - 104s - loss: 8.7088e-06 - acc: 1.0000 - val_loss: 0.2038 - val_acc: 0.9750
Epoch 449/500
 - 104s - loss: 1.2462e-05 - acc: 1.0000 - val_loss: 0.2025 - val_acc: 0.9748
Epoch 450/500
 - 105s - loss: 1.1340e-05 - acc: 1.0000 - val_loss: 0.2062 - val_acc: 0.9746
Epoch 451/500
 - 104s - loss: 1.2286e-05 - acc: 1.0000 - val_loss: 0.2077 - val_acc: 0.9741
Epoch 452/500
 - 106s - loss: 1.5851e-05 - acc: 1.0000 - val_loss: 0.2083 - val_acc: 0.9747
Epoch 453/500
 - 105s - loss: 1.3132e-05 - acc: 1.0000 - val_loss: 0.2091 - val_acc: 0.9747
Epoch 454/500
 - 107s - loss: 1.0794e-05 - acc: 1.0000 - val_loss: 0.2086 - val_acc: 0.9749
Epoch 455/500
 - 106s - loss: 1.5467e-05 - acc: 1.0000 - val_loss: 0.2078 - val_acc: 0.9742
Epoch 456/500
 - 105s - loss: 1.3987e-05 - acc: 1.0000 - val_loss: 0.2033 - val_acc: 0.9752
Epoch 457/500
 - 106s - loss: 1.2506e-05 - acc: 1.0000 - val_loss: 0.2119 - val_acc: 0.9743
Epoch 458/500
 - 105s - loss: 9.1117e-06 - acc: 1.0000 - val_loss: 0.2088 - val_acc: 0.9745
Epoch 459/500
 - 106s - loss: 8.8397e-06 - acc: 1.0000 - val_loss: 0.2079 - val_acc: 0.9747
Epoch 460/500
 - 105s - loss: 8.9953e-06 - acc: 1.0000 - val_loss: 0.2078 - val_acc: 0.9746
Epoch 461/500
 - 105s - loss: 9.0590e-06 - acc: 1.0000 - val_loss: 0.2072 - val_acc: 0.9746
Epoch 462/500
 - 105s - loss: 1.1859e-05 - acc: 1.0000 - val_loss: 0.2045 - val_acc: 0.9760
Epoch 463/500
 - 104s - loss: 1.6289e-05 - acc: 1.0000 - val_loss: 0.2074 - val_acc: 0.9746
Epoch 464/500
 - 104s - loss: 6.9419e-06 - acc: 1.0000 - val_loss: 0.2056 - val_acc: 0.9746
Epoch 465/500
 - 104s - loss: 7.5567e-06 - acc: 1.0000 - val_loss: 0.2099 - val_acc: 0.9744
Epoch 466/500
 - 104s - loss: 1.3554e-05 - acc: 1.0000 - val_loss: 0.2068 - val_acc: 0.9749
Epoch 467/500
 - 105s - loss: 8.0334e-06 - acc: 1.0000 - val_loss: 0.2039 - val_acc: 0.9763
Epoch 468/500
 - 105s - loss: 1.3055e-05 - acc: 1.0000 - val_loss: 0.2096 - val_acc: 0.9746
Epoch 469/500
 - 105s - loss: 9.5418e-06 - acc: 1.0000 - val_loss: 0.2081 - val_acc: 0.9746
Epoch 470/500
 - 105s - loss: 1.2006e-05 - acc: 1.0000 - val_loss: 0.2095 - val_acc: 0.9758
Epoch 471/500
 - 106s - loss: 8.6835e-06 - acc: 1.0000 - val_loss: 0.2056 - val_acc: 0.9752
Epoch 472/500
 - 106s - loss: 1.0118e-05 - acc: 1.0000 - val_loss: 0.2147 - val_acc: 0.9754
Epoch 473/500
 - 105s - loss: 1.2524e-05 - acc: 1.0000 - val_loss: 0.2029 - val_acc: 0.9766
Epoch 474/500
 - 105s - loss: 1.2181e-05 - acc: 1.0000 - val_loss: 0.2046 - val_acc: 0.9761
Epoch 475/500
 - 106s - loss: 1.2801e-05 - acc: 1.0000 - val_loss: 0.2106 - val_acc: 0.9760
Epoch 476/500
 - 107s - loss: 1.1958e-05 - acc: 1.0000 - val_loss: 0.2087 - val_acc: 0.9760
Epoch 477/500
 - 105s - loss: 3.0445e-05 - acc: 1.0000 - val_loss: 0.2183 - val_acc: 0.9746
Epoch 478/500
 - 105s - loss: 7.9605e-06 - acc: 1.0000 - val_loss: 0.2167 - val_acc: 0.9743
Epoch 479/500
 - 105s - loss: 7.1590e-06 - acc: 1.0000 - val_loss: 0.2068 - val_acc: 0.9752
Epoch 480/500
 - 106s - loss: 1.0306e-05 - acc: 1.0000 - val_loss: 0.2145 - val_acc: 0.9746
Epoch 481/500
 - 106s - loss: 1.7103e-05 - acc: 1.0000 - val_loss: 0.2156 - val_acc: 0.9745
Epoch 482/500
 - 105s - loss: 1.4249e-05 - acc: 1.0000 - val_loss: 0.2121 - val_acc: 0.9747
Epoch 483/500
 - 105s - loss: 1.1675e-05 - acc: 1.0000 - val_loss: 0.2130 - val_acc: 0.9746
Epoch 484/500
 - 106s - loss: 1.2187e-05 - acc: 1.0000 - val_loss: 0.2129 - val_acc: 0.9746
Epoch 485/500
 - 105s - loss: 1.5030e-05 - acc: 1.0000 - val_loss: 0.2161 - val_acc: 0.9747
Epoch 486/500
 - 105s - loss: 1.1095e-05 - acc: 1.0000 - val_loss: 0.2175 - val_acc: 0.9744
Epoch 487/500
 - 105s - loss: 1.4622e-05 - acc: 1.0000 - val_loss: 0.2112 - val_acc: 0.9746
Epoch 488/500
 - 106s - loss: 7.0455e-06 - acc: 1.0000 - val_loss: 0.2113 - val_acc: 0.9747
Epoch 489/500
 - 106s - loss: 1.1305e-05 - acc: 1.0000 - val_loss: 0.2149 - val_acc: 0.9744
Epoch 490/500
 - 106s - loss: 1.3573e-05 - acc: 1.0000 - val_loss: 0.2123 - val_acc: 0.9747
Epoch 491/500
 - 105s - loss: 9.5914e-06 - acc: 1.0000 - val_loss: 0.2055 - val_acc: 0.9750
Epoch 492/500
 - 105s - loss: 8.0950e-06 - acc: 1.0000 - val_loss: 0.2149 - val_acc: 0.9745
Epoch 493/500
 - 104s - loss: 1.4332e-05 - acc: 1.0000 - val_loss: 0.2135 - val_acc: 0.9746
Epoch 494/500
 - 104s - loss: 1.3251e-05 - acc: 1.0000 - val_loss: 0.2181 - val_acc: 0.9742
Epoch 495/500
 - 104s - loss: 9.5809e-06 - acc: 1.0000 - val_loss: 0.2087 - val_acc: 0.9749
Epoch 496/500
 - 103s - loss: 1.3130e-05 - acc: 1.0000 - val_loss: 0.2188 - val_acc: 0.9744
Epoch 497/500
 - 102s - loss: 8.0373e-06 - acc: 1.0000 - val_loss: 0.2091 - val_acc: 0.9749
Epoch 498/500
 - 102s - loss: 1.2188e-05 - acc: 1.0000 - val_loss: 0.2188 - val_acc: 0.9743
Epoch 499/500
 - 102s - loss: 1.2850e-05 - acc: 1.0000 - val_loss: 0.2179 - val_acc: 0.9747
Epoch 500/500
 - 104s - loss: 1.1670e-05 - acc: 1.0000 - val_loss: 0.2164 - val_acc: 0.9748
Using TensorFlow backend.
model_vgg16_finetune.py:42: UserWarning: Update your `Model` call to the Keras 2 API: `Model(inputs=Tensor("in..., outputs=Tensor("se...)`
  model = Model(input= vgg_model.input, output= top_model(vgg_model.output))
model_vgg16_finetune.py:81: UserWarning: The semantics of the Keras 2 argument `steps_per_epoch` is not the same as the Keras 1 argument `samples_per_epoch`. `steps_per_epoch` is the number of batches to draw from the generator at each epoch. Basically steps_per_epoch = samples_per_epoch/batch_size. Similarly `nb_val_samples`->`validation_steps` and `val_samples`->`steps` arguments have changed. Update your method calls accordingly.
  nb_val_samples=nb_validation_samples,verbose=2)
model_vgg16_finetune.py:81: UserWarning: Update your `fit_generator` call to the Keras 2 API: `fit_generator(<keras_pre..., epochs=500, validation_data=<keras_pre..., verbose=2, steps_per_epoch=343, validation_steps=670)`
  nb_val_samples=nb_validation_samples,verbose=2)
